20
0 0.0842280943 -0.0911435059
1 0.0745446216 -0.0097060282
2 0.0980963207 -0.1849918860
3 0.0953710574 -0.0873023637
4 -0.9395277171 -0.1832303744
5 0.1171293512 -0.1367958094
6 0.0181934702 0.0643253130
7 0.0525514892 -0.0800588990
8 0.0831989694 -0.0874324666
9 0.0489710700 0.1476597133
10 0.0821382931 -0.0205391839
11 0.0342853621 0.0128399746
12 0.0415692595 -0.0555409052
13 0.0749538677 -0.0741145939
14 0.0937418783 -0.1319972469
15 0.0168601259 0.0183713211
16 0.0670208220 -0.0546643712
17 -0.1389871720 0.1271553859
18 0.0740766504 -0.0708186277
19 -0.0784158139 0.8979845541
