89
0 -0.0257602078 0.0027056599
1 -0.0271975884 -0.0344651010
2 -0.0218464837 -0.0301299714
3 -0.0208060894 -0.0338567168
4 -0.0198097843 -0.0282369248
5 -0.0266696064 -0.0302737884
6 -0.0267578923 -0.0305458284
7 -0.0266600225 -0.0266692327
8 0.0237783151 -0.0196887713
9 -0.0276734152 -0.0268531648
10 0.3705462727 0.0105780547
11 -0.0307678515 -0.0446981907
12 -0.0213819435 -0.0328986885
13 -0.0272578348 -0.0221289518
14 -0.0233891266 -0.0316205598
15 -0.0239109163 -0.0351204495
16 -0.0240216542 -0.0369786718
17 -0.0261485785 -0.0438428074
18 -0.0279127588 -0.0326733941
19 -0.0293906464 -0.0417181766
20 -0.0288471874 -0.0203803573
21 -0.0256067966 -0.0220776484
22 -0.0285173882 -0.0452939751
23 -0.0425223990 0.3964176777
24 -0.0272891925 -0.0152879296
25 0.4433408495 0.0189456848
26 -0.0237187239 -0.0141583852
27 -0.0255269476 -0.0358212536
28 -0.0355404120 0.2213341939
29 -0.0248934884 -0.0606386243
31 -0.0247788055 -0.0152081758
32 -0.0285598071 -0.0340040976
33 -0.0298224320 -0.0176836550
34 -0.0308208536 0.0048459364
35 -0.0325406105 -0.0617282629
36 -0.0425223990 0.3964176777
37 -0.0247788055 -0.0152081758
38 -0.0319089054 -0.0542214678
39 -0.0216816697 -0.0323674131
40 -0.0216816697 -0.0323674131
41 -0.0355404120 0.2213341939
42 -0.0308208536 0.0048459364
43 0.2052419932 -0.0050523558
44 -0.0308208536 0.0048459364
45 -0.0222002365 -0.0354838736
46 -0.0315366349 -0.0345939068
47 -0.0279617297 0.0033683443
48 -0.0289384444 -0.0332012012
50 -0.0295219518 -0.0429064745
51 -0.0279617297 0.0033683443
52 -0.0237135304 -0.0375095621
53 -0.0289488474 -0.0376886035
54 -0.0295219518 -0.0429064745
55 -0.0237135304 -0.0375095621
57 -0.0333973372 -0.0556459062
58 -0.0461564532 0.4935103759
59 -0.0237135304 -0.0375095621
60 -0.0279617297 0.0033683443
61 -0.0346359080 -0.0675016743
62 -0.0279617297 0.0033683443
64 -0.0290446784 -0.0380272729
65 -0.0279617297 0.0033683443
66 -0.0290446784 -0.0380272729
67 -0.0334548689 0.0060328285
69 -0.0237135304 -0.0375095621
70 -0.0270209386 -0.0754905545
71 -0.0279617297 0.0033683443
72 -0.0289384444 -0.0332012012
73 -0.0279617297 0.0033683443
74 -0.0237135304 -0.0375095621
75 -0.0313125291 -0.0253720214
76 -0.0353215999 -0.0768470730
78 -0.0225842218 -0.0421490815
79 0.4022139413 0.0131688874
80 -0.0295219518 -0.0429064745
83 -0.0295219518 -0.0429064745
84 -0.0290446784 -0.0380272729
85 -0.0289488474 -0.0376886035
87 0.4812296966 0.0235859614
88 -0.0225842218 -0.0421490815
89 -0.0461564532 0.4935103759
90 -0.0334548689 0.0060328285
91 -0.0334548689 0.0060328285
92 -0.0295219518 -0.0429064745
93 -0.0225842218 -0.0421490815
94 -0.0319024333 -0.0519360113
96 -0.0215027704 -0.0351528607
97 -0.0283832913 -0.0545810179
99 0.4022139413 0.0131688874
