20
0 -0.0000000000 -0.0000000000
1 0.0138615992 0.2478252256
2 0.0526241569 0.1630271327
3 -0.0380042618 -0.0337697584
4 -0.0238597719 0.0630315251
5 0.0199007850 -0.0289455840
6 0.0193791428 0.1293161954
7 0.0331502752 0.0761246089
8 0.1409516699 0.1155293598
9 -0.0438719744 -0.0769007845
10 0.0104052826 -0.0216974122
11 0.0511783407 0.0396388749
12 -0.0587339204 0.1112182425
13 -0.1033155683 0.1963077261
14 -0.0630023450 -0.2625101251
15 0.0085216872 0.2701969220
16 -0.3669201322 -0.0412707093
17 0.3980795153 0.1605444946
18 0.5475860553 -0.6731420168
19 -0.5979305361 -0.4345239171
