100
0 0.0124351418 -0.0987374702
1 -0.0465664125 -0.0871652625
2 -0.0309849194 -0.2455600640
3 0.1030951399 -0.1609799043
4 -0.0271922113 -0.1385536130
5 -0.0056013051 -0.2175240614
6 -0.0466053350 -0.1645697279
7 -0.0668288933 -0.2795888704
8 0.0167999156 -0.1612663127
9 0.0620471470 -0.1093106918
10 0.0913252420 -0.2071389783
11 0.0436983285 -0.2444864766
12 0.0474694471 -0.0981971565
13 0.0886226121 -0.0942120215
14 0.0565318469 -0.1296638176
15 0.0471899136 -0.1343144471
16 0.1174241969 -0.0694946570
17 0.0592134991 0.0320530041
18 0.0767993529 -0.0267565688
19 0.1425890849 -0.0246488293
20 0.0901225547 -0.0397040259
21 0.1808865508 0.1420728162
22 0.1270428588 0.0592806512
23 0.0987751176 0.0199353473
24 0.0987666465 -0.0124256409
25 0.0905710586 0.0280197064
26 0.1970245332 0.0266093753
27 0.2273445923 0.1291610935
28 0.0799694917 0.0707970888
29 0.1200103860 0.0394766012
30 0.0587060583 -0.0114981873
31 0.1661778955 0.0511391037
32 0.0381938663 -0.0542043097
33 0.1356124616 0.0784401278
34 0.1373876559 0.0790904385
35 0.0527193345 0.0464800303
36 0.0355890152 -0.0015866813
37 0.1017746378 0.0406926167
38 0.1887937765 0.0226590152
39 0.0997547586 0.0594833969
40 0.1511919078 0.1214712207
41 0.0694261044 0.0612322818
42 0.1111142403 0.1023247426
43 0.0784721257 0.0503917967
44 0.0986941546 0.0527313192
45 0.0620258810 -0.0038105012
46 0.0680004857 0.1030109173
47 0.0472957369 0.0948801067
48 0.0996739701 0.1243799993
49 0.0267438986 0.0672335095
50 0.0217461995 0.1096547780
51 -0.0029681460 0.0948696778
52 0.0634580601 0.1036004250
53 -0.0292501503 0.0789148418
54 -0.0308872949 0.0452801850
55 0.0000128324 0.0613443459
56 -0.0055323697 0.0521258180
57 -0.0100993996 0.0841114563
58 -0.0771376188 0.1018631666
59 -0.0544359825 0.0858014301
60 -0.0645046290 0.1002242706
61 -0.1238315812 0.1824451848
62 -0.1389667683 0.0670303733
63 -0.1012484571 0.1420951195
64 -0.0391588070 -0.0072998179
65 -0.1867927256 0.1366648248
66 -0.1297783075 0.1405519880
67 -0.1513858781 0.1250794282
68 -0.0836380096 0.0371780548
69 -0.1101823274 0.0559529973
70 -0.1699840474 0.0949249964
71 -0.2267864739 0.0420693886
72 -0.1747236729 0.0880417446
73 -0.0713842885 0.0084956645
74 -0.2068682287 0.0449023654
75 -0.1164186541 0.0072927314
76 -0.1328057643 0.0853960533
77 -0.1147610056 -0.0287672386
78 -0.1333300424 0.0222419265
79 -0.1331936252 -0.0180459780
80 -0.1067096122 0.0199359425
81 -0.0838456802 0.0390172289
82 -0.0919065725 0.0287868014
83 -0.0467032909 0.0238773234
84 -0.0659824680 0.0382849894
85 -0.0628884424 -0.0098404741
86 -0.0764981729 -0.0430608549
87 -0.1061850429 -0.1055541468
88 -0.0367846710 -0.0338985348
89 -0.0978449018 -0.0116708083
90 -0.0697950852 -0.0378074033
91 -0.1257804170 -0.1770865799
92 -0.0547635984 -0.0466885379
93 -0.0360495359 -0.1040832494
94 0.0661662899 -0.0737321415
95 -0.0122627800 -0.0356043832
96 -0.0005467756 -0.1121091169
97 -0.0505536854 -0.1148497592
98 -0.0062417982 -0.0670016200
99 -0.0793101430 -0.2086029070
